# JRE version: Java(TM) SE Runtime Environment (8.0_05-b13) (build 1.8.0_05-b13)
# Java VM: Java HotSpot(TM) 64-Bit Server VM (25.5-b02 mixed mode windows-amd64 compressed oops)
Heap:
 PSYoungGen      total 28160K, used 5175K [0x000000076af80000, 0x000000076d300000, 0x00000007c0000000)
  eden space 26112K, 11% used [0x000000076af80000,0x000000076b28dfe8,0x000000076c900000)
  from space 2048K, 100% used [0x000000076cd00000,0x000000076cf00000,0x000000076cf00000)
  to   space 4096K, 0% used [0x000000076c900000,0x000000076c900000,0x000000076cd00000)
 ParOldGen       total 260608K, used 10060K [0x00000006c0e00000, 0x00000006d0c80000, 0x000000076af80000)
  object space 260608K, 3% used [0x00000006c0e00000,0x00000006c17d3028,0x00000006d0c80000)
 Metaspace       used 10789K, capacity 10975K, committed 11264K, reserved 1058816K
  class space    used 955K, capacity 998K, committed 1024K, reserved 1048576K
GC Heap History (10 events):
Event: 1.483 GC heap before
{Heap before GC invocations=12 (full 0):
 PSYoungGen      total 8192K, used 8026K [0x000000076af80000, 0x000000076bd00000, 0x00000007c0000000)
  eden space 6656K, 100% used [0x000000076af80000,0x000000076b600000,0x000000076b600000)
  from space 1536K, 89% used [0x000000076b600000,0x000000076b756a70,0x000000076b780000)
  to   space 1536K, 0% used [0x000000076bb80000,0x000000076bb80000,0x000000076bd00000)
 ParOldGen       total 260608K, used 1911K [0x00000006c0e00000, 0x00000006d0c80000, 0x000000076af80000)
  object space 260608K, 0% used [0x00000006c0e00000,0x00000006c0fddf68,0x00000006d0c80000)
 Metaspace       used 10392K, capacity 10623K, committed 10752K, reserved 1058816K
  class space    used 915K, capacity 966K, committed 1024K, reserved 1048576K
Event: 1.485 GC heap after
Heap after GC invocations=12 (full 0):
 PSYoungGen      total 12288K, used 1184K [0x000000076af80000, 0x000000076bd00000, 0x00000007c0000000)
  eden space 10752K, 0% used [0x000000076af80000,0x000000076af80000,0x000000076ba00000)
  from space 1536K, 77% used [0x000000076bb80000,0x000000076bca8010,0x000000076bd00000)
  to   space 1536K, 0% used [0x000000076ba00000,0x000000076ba00000,0x000000076bb80000)
 ParOldGen       total 260608K, used 4548K [0x00000006c0e00000, 0x00000006d0c80000, 0x000000076af80000)
  object space 260608K, 1% used [0x00000006c0e00000,0x00000006c1271028,0x00000006d0c80000)
 Metaspace       used 10392K, capacity 10623K, committed 10752K, reserved 1058816K
  class space    used 915K, capacity 966K, committed 1024K, reserved 1048576K
}
Event: 1.550 GC heap before
{Heap before GC invocations=13 (full 0):
 PSYoungGen      total 12288K, used 11936K [0x000000076af80000, 0x000000076bd00000, 0x00000007c0000000)
  eden space 10752K, 100% used [0x000000076af80000,0x000000076ba00000,0x000000076ba00000)
  from space 1536K, 77% used [0x000000076bb80000,0x000000076bca8010,0x000000076bd00000)
  to   space 1536K, 0% used [0x000000076ba00000,0x000000076ba00000,0x000000076bb80000)
 ParOldGen       total 260608K, used 4548K [0x00000006c0e00000, 0x00000006d0c80000, 0x000000076af80000)
  object space 260608K, 1% used [0x00000006c0e00000,0x00000006c1271028,0x00000006d0c80000)
 Metaspace       used 10474K, capacity 10687K, committed 11008K, reserved 1058816K
  class space    used 919K, capacity 966K, committed 1024K, reserved 1048576K
Event: 1.550 GC heap after
Heap after GC invocations=13 (full 0):
 PSYoungGen      total 12288K, used 128K [0x000000076af80000, 0x000000076c480000, 0x00000007c0000000)
  eden space 10752K, 0% used [0x000000076af80000,0x000000076af80000,0x000000076ba00000)
  from space 1536K, 8% used [0x000000076ba00000,0x000000076ba20000,0x000000076bb80000)
  to   space 2048K, 0% used [0x000000076c280000,0x000000076c280000,0x000000076c480000)
 ParOldGen       total 260608K, used 4564K [0x00000006c0e00000, 0x00000006d0c80000, 0x000000076af80000)
  object space 260608K, 1% used [0x00000006c0e00000,0x00000006c1275028,0x00000006d0c80000)
 Metaspace       used 10474K, capacity 10687K, committed 11008K, reserved 1058816K
  class space    used 919K, capacity 966K, committed 1024K, reserved 1048576K
}
Event: 1.560 GC heap before
{Heap before GC invocations=14 (full 0):
 PSYoungGen      total 12288K, used 10880K [0x000000076af80000, 0x000000076c480000, 0x00000007c0000000)
  eden space 10752K, 100% used [0x000000076af80000,0x000000076ba00000,0x000000076ba00000)
  from space 1536K, 8% used [0x000000076ba00000,0x000000076ba20000,0x000000076bb80000)
  to   space 2048K, 0% used [0x000000076c280000,0x000000076c280000,0x000000076c480000)
 ParOldGen       total 260608K, used 4564K [0x00000006c0e00000, 0x00000006d0c80000, 0x000000076af80000)
  object space 260608K, 1% used [0x00000006c0e00000,0x00000006c1275028,0x00000006d0c80000)
 Metaspace       used 10493K, capacity 10687K, committed 11008K, reserved 1058816K
  class space    used 920K, capacity 966K, committed 1024K, reserved 1048576K
Event: 1.561 GC heap after
Heap after GC invocations=14 (full 0):
 PSYoungGen      total 19456K, used 192K [0x000000076af80000, 0x000000076c480000, 0x00000007c0000000)
  eden space 17408K, 0% used [0x000000076af80000,0x000000076af80000,0x000000076c080000)
  from space 2048K, 9% used [0x000000076c280000,0x000000076c2b0000,0x000000076c480000)
  to   space 2048K, 0% used [0x000000076c080000,0x000000076c080000,0x000000076c280000)
 ParOldGen       total 260608K, used 4612K [0x00000006c0e00000, 0x00000006d0c80000, 0x000000076af80000)
  object space 260608K, 1% used [0x00000006c0e00000,0x00000006c1281028,0x00000006d0c80000)
 Metaspace       used 10493K, capacity 10687K, committed 11008K, reserved 1058816K
  class space    used 920K, capacity 966K, committed 1024K, reserved 1048576K
}
Event: 2.322 GC heap before
{Heap before GC invocations=15 (full 0):
 PSYoungGen      total 19456K, used 17600K [0x000000076af80000, 0x000000076c480000, 0x00000007c0000000)
  eden space 17408K, 100% used [0x000000076af80000,0x000000076c080000,0x000000076c080000)
  from space 2048K, 9% used [0x000000076c280000,0x000000076c2b0000,0x000000076c480000)
  to   space 2048K, 0% used [0x000000076c080000,0x000000076c080000,0x000000076c280000)
 ParOldGen       total 260608K, used 4612K [0x00000006c0e00000, 0x00000006d0c80000, 0x000000076af80000)
  object space 260608K, 1% used [0x00000006c0e00000,0x00000006c1281028,0x00000006d0c80000)
 Metaspace       used 10745K, capacity 10911K, committed 11008K, reserved 1058816K
  class space    used 953K, capacity 998K, committed 1024K, reserved 1048576K
Event: 2.323 GC heap after
Heap after GC invocations=15 (full 0):
 PSYoungGen      total 19456K, used 833K [0x000000076af80000, 0x000000076cf00000, 0x00000007c0000000)
  eden space 17408K, 0% used [0x000000076af80000,0x000000076af80000,0x000000076c080000)
  from space 2048K, 40% used [0x000000076c080000,0x000000076c150738,0x000000076c280000)
  to   space 2048K, 0% used [0x000000076cd00000,0x000000076cd00000,0x000000076cf00000)
 ParOldGen       total 260608K, used 4684K [0x00000006c0e00000, 0x00000006d0c80000, 0x000000076af80000)
  object space 260608K, 1% used [0x00000006c0e00000,0x00000006c1293028,0x00000006d0c80000)
 Metaspace       used 10745K, capacity 10911K, committed 11008K, reserved 1058816K
  class space    used 953K, capacity 998K, committed 1024K, reserved 1048576K
}
Event: 13.744 GC heap before
{Heap before GC invocations=16 (full 0):
 PSYoungGen      total 19456K, used 18241K [0x000000076af80000, 0x000000076cf00000, 0x00000007c0000000)
  eden space 17408K, 100% used [0x000000076af80000,0x000000076c080000,0x000000076c080000)
  from space 2048K, 40% used [0x000000076c080000,0x000000076c150738,0x000000076c280000)
  to   space 2048K, 0% used [0x000000076cd00000,0x000000076cd00000,0x000000076cf00000)
 ParOldGen       total 260608K, used 4684K [0x00000006c0e00000, 0x00000006d0c80000, 0x000000076af80000)
  object space 260608K, 1% used [0x00000006c0e00000,0x00000006c1293028,0x00000006d0c80000)
 Metaspace       used 10789K, capacity 10975K, committed 11264K, reserved 1058816K
  class space    used 955K, capacity 998K, committed 1024K, reserved 1048576K
Event: 13.755 GC heap after
Heap after GC invocations=16 (full 0):
 PSYoungGen      total 28160K, used 2048K [0x000000076af80000, 0x000000076d300000, 0x00000007c0000000)
  eden space 26112K, 0% used [0x000000076af80000,0x000000076af80000,0x000000076c900000)
  from space 2048K, 100% used [0x000000076cd00000,0x000000076cf00000,0x000000076cf00000)
  to   space 4096K, 0% used [0x000000076c900000,0x000000076c900000,0x000000076cd00000)
 ParOldGen       total 260608K, used 10060K [0x00000006c0e00000, 0x00000006d0c80000, 0x000000076af80000)
  object space 260608K, 3% used [0x00000006c0e00000,0x00000006c17d3028,0x00000006d0c80000)
 Metaspace       used 10789K, capacity 10975K, committed 11264K, reserved 1058816K
  class space    used 955K, capacity 998K, committed 1024K, reserved 1048576K
}

