# JRE version: Java(TM) SE Runtime Environment (8.0_05-b13) (build 1.8.0_05-b13)
# Java VM: Java HotSpot(TM) 64-Bit Server VM (25.5-b02 mixed mode windows-amd64 compressed oops)
Heap:
 PSYoungGen      total 21504K, used 8608K [0x000000076af80000, 0x000000076d280000, 0x00000007c0000000)
  eden space 18944K, 44% used [0x000000076af80000,0x000000076b7b8040,0x000000076c200000)
  from space 2560K, 7% used [0x000000076c200000,0x000000076c230000,0x000000076c480000)
  to   space 2560K, 0% used [0x000000076d000000,0x000000076d000000,0x000000076d280000)
 ParOldGen       total 260608K, used 4823K [0x00000006c0e00000, 0x00000006d0c80000, 0x000000076af80000)
  object space 260608K, 1% used [0x00000006c0e00000,0x00000006c12b5f38,0x00000006d0c80000)
 Metaspace       used 10671K, capacity 10911K, committed 11008K, reserved 1058816K
  class space    used 942K, capacity 998K, committed 1024K, reserved 1048576K
GC Heap History (10 events):
Event: 1.569 GC heap before
{Heap before GC invocations=9 (full 0):
 PSYoungGen      total 9216K, used 8941K [0x000000076af80000, 0x000000076bb80000, 0x00000007c0000000)
  eden space 7680K, 98% used [0x000000076af80000,0x000000076b6e1d20,0x000000076b700000)
  from space 1536K, 89% used [0x000000076b900000,0x000000076ba59718,0x000000076ba80000)
  to   space 2048K, 0% used [0x000000076b700000,0x000000076b700000,0x000000076b900000)
 ParOldGen       total 260608K, used 1335K [0x00000006c0e00000, 0x00000006d0c80000, 0x000000076af80000)
  object space 260608K, 0% used [0x00000006c0e00000,0x00000006c0f4dd20,0x00000006d0c80000)
 Metaspace       used 10355K, capacity 10559K, committed 10752K, reserved 1058816K
  class space    used 914K, capacity 966K, committed 1024K, reserved 1048576K
Event: 1.571 GC heap after
Heap after GC invocations=9 (full 0):
 PSYoungGen      total 9728K, used 1962K [0x000000076af80000, 0x000000076bf80000, 0x00000007c0000000)
  eden space 7680K, 0% used [0x000000076af80000,0x000000076af80000,0x000000076b700000)
  from space 2048K, 95% used [0x000000076b700000,0x000000076b8ea8a0,0x000000076b900000)
  to   space 2048K, 0% used [0x000000076bd80000,0x000000076bd80000,0x000000076bf80000)
 ParOldGen       total 260608K, used 1635K [0x00000006c0e00000, 0x00000006d0c80000, 0x000000076af80000)
  object space 260608K, 0% used [0x00000006c0e00000,0x00000006c0f98d30,0x00000006d0c80000)
 Metaspace       used 10355K, capacity 10559K, committed 10752K, reserved 1058816K
  class space    used 914K, capacity 966K, committed 1024K, reserved 1048576K
}
Event: 1.649 GC heap before
{Heap before GC invocations=10 (full 0):
 PSYoungGen      total 9728K, used 9541K [0x000000076af80000, 0x000000076bf80000, 0x00000007c0000000)
  eden space 7680K, 98% used [0x000000076af80000,0x000000076b6e6c08,0x000000076b700000)
  from space 2048K, 95% used [0x000000076b700000,0x000000076b8ea8a0,0x000000076b900000)
  to   space 2048K, 0% used [0x000000076bd80000,0x000000076bd80000,0x000000076bf80000)
 ParOldGen       total 260608K, used 1635K [0x00000006c0e00000, 0x00000006d0c80000, 0x000000076af80000)
  object space 260608K, 0% used [0x00000006c0e00000,0x00000006c0f98d30,0x00000006d0c80000)
 Metaspace       used 10384K, capacity 10559K, committed 10752K, reserved 1058816K
  class space    used 914K, capacity 966K, committed 1024K, reserved 1048576K
Event: 1.650 GC heap after
Heap after GC invocations=10 (full 0):
 PSYoungGen      total 13824K, used 1728K [0x000000076af80000, 0x000000076c080000, 0x00000007c0000000)
  eden space 11776K, 0% used [0x000000076af80000,0x000000076af80000,0x000000076bb00000)
  from space 2048K, 84% used [0x000000076bd80000,0x000000076bf30010,0x000000076bf80000)
  to   space 2560K, 0% used [0x000000076bb00000,0x000000076bb00000,0x000000076bd80000)
 ParOldGen       total 260608K, used 4131K [0x00000006c0e00000, 0x00000006d0c80000, 0x000000076af80000)
  object space 260608K, 1% used [0x00000006c0e00000,0x00000006c1208e98,0x00000006d0c80000)
 Metaspace       used 10384K, capacity 10559K, committed 10752K, reserved 1058816K
  class space    used 914K, capacity 966K, committed 1024K, reserved 1048576K
}
Event: 1.724 GC heap before
{Heap before GC invocations=11 (full 0):
 PSYoungGen      total 13824K, used 12694K [0x000000076af80000, 0x000000076c080000, 0x00000007c0000000)
  eden space 11776K, 93% used [0x000000076af80000,0x000000076ba35800,0x000000076bb00000)
  from space 2048K, 84% used [0x000000076bd80000,0x000000076bf30010,0x000000076bf80000)
  to   space 2560K, 0% used [0x000000076bb00000,0x000000076bb00000,0x000000076bd80000)
 ParOldGen       total 260608K, used 4131K [0x00000006c0e00000, 0x00000006d0c80000, 0x000000076af80000)
  object space 260608K, 1% used [0x00000006c0e00000,0x00000006c1208e98,0x00000006d0c80000)
 Metaspace       used 10425K, capacity 10623K, committed 10752K, reserved 1058816K
  class space    used 916K, capacity 966K, committed 1024K, reserved 1048576K
Event: 1.725 GC heap after
Heap after GC invocations=11 (full 0):
 PSYoungGen      total 14336K, used 128K [0x000000076af80000, 0x000000076c700000, 0x00000007c0000000)
  eden space 11776K, 0% used [0x000000076af80000,0x000000076af80000,0x000000076bb00000)
  from space 2560K, 5% used [0x000000076bb00000,0x000000076bb20000,0x000000076bd80000)
  to   space 2560K, 0% used [0x000000076c480000,0x000000076c480000,0x000000076c700000)
 ParOldGen       total 260608K, used 4751K [0x00000006c0e00000, 0x00000006d0c80000, 0x000000076af80000)
  object space 260608K, 1% used [0x00000006c0e00000,0x00000006c12a3f38,0x00000006d0c80000)
 Metaspace       used 10425K, capacity 10623K, committed 10752K, reserved 1058816K
  class space    used 916K, capacity 966K, committed 1024K, reserved 1048576K
}
Event: 1.787 GC heap before
{Heap before GC invocations=12 (full 0):
 PSYoungGen      total 14336K, used 11904K [0x000000076af80000, 0x000000076c700000, 0x00000007c0000000)
  eden space 11776K, 100% used [0x000000076af80000,0x000000076bb00000,0x000000076bb00000)
  from space 2560K, 5% used [0x000000076bb00000,0x000000076bb20000,0x000000076bd80000)
  to   space 2560K, 0% used [0x000000076c480000,0x000000076c480000,0x000000076c700000)
 ParOldGen       total 260608K, used 4751K [0x00000006c0e00000, 0x00000006d0c80000, 0x000000076af80000)
  object space 260608K, 1% used [0x00000006c0e00000,0x00000006c12a3f38,0x00000006d0c80000)
 Metaspace       used 10473K, capacity 10687K, committed 11008K, reserved 1058816K
  class space    used 919K, capacity 966K, committed 1024K, reserved 1048576K
Event: 1.788 GC heap after
Heap after GC invocations=12 (full 0):
 PSYoungGen      total 21504K, used 128K [0x000000076af80000, 0x000000076c700000, 0x00000007c0000000)
  eden space 18944K, 0% used [0x000000076af80000,0x000000076af80000,0x000000076c200000)
  from space 2560K, 5% used [0x000000076c480000,0x000000076c4a0000,0x000000076c700000)
  to   space 2560K, 0% used [0x000000076c200000,0x000000076c200000,0x000000076c480000)
 ParOldGen       total 260608K, used 4775K [0x00000006c0e00000, 0x00000006d0c80000, 0x000000076af80000)
  object space 260608K, 1% used [0x00000006c0e00000,0x00000006c12a9f38,0x00000006d0c80000)
 Metaspace       used 10473K, capacity 10687K, committed 11008K, reserved 1058816K
  class space    used 919K, capacity 966K, committed 1024K, reserved 1048576K
}
Event: 1.807 GC heap before
{Heap before GC invocations=13 (full 0):
 PSYoungGen      total 21504K, used 19072K [0x000000076af80000, 0x000000076c700000, 0x00000007c0000000)
  eden space 18944K, 100% used [0x000000076af80000,0x000000076c200000,0x000000076c200000)
  from space 2560K, 5% used [0x000000076c480000,0x000000076c4a0000,0x000000076c700000)
  to   space 2560K, 0% used [0x000000076c200000,0x000000076c200000,0x000000076c480000)
 ParOldGen       total 260608K, used 4775K [0x00000006c0e00000, 0x00000006d0c80000, 0x000000076af80000)
  object space 260608K, 1% used [0x00000006c0e00000,0x00000006c12a9f38,0x00000006d0c80000)
 Metaspace       used 10495K, capacity 10687K, committed 11008K, reserved 1058816K
  class space    used 919K, capacity 966K, committed 1024K, reserved 1048576K
Event: 1.807 GC heap after
Heap after GC invocations=13 (full 0):
 PSYoungGen      total 21504K, used 192K [0x000000076af80000, 0x000000076d280000, 0x00000007c0000000)
  eden space 18944K, 0% used [0x000000076af80000,0x000000076af80000,0x000000076c200000)
  from space 2560K, 7% used [0x000000076c200000,0x000000076c230000,0x000000076c480000)
  to   space 2560K, 0% used [0x000000076d000000,0x000000076d000000,0x000000076d280000)
 ParOldGen       total 260608K, used 4823K [0x00000006c0e00000, 0x00000006d0c80000, 0x000000076af80000)
  object space 260608K, 1% used [0x00000006c0e00000,0x00000006c12b5f38,0x00000006d0c80000)
 Metaspace       used 10495K, capacity 10687K, committed 11008K, reserved 1058816K
  class space    used 919K, capacity 966K, committed 1024K, reserved 1048576K
}

