# JRE version: Java(TM) SE Runtime Environment (8.0_05-b13) (build 1.8.0_05-b13)
# Java VM: Java HotSpot(TM) 64-Bit Server VM (25.5-b02 mixed mode windows-amd64 compressed oops)
Heap:
 PSYoungGen      total 20992K, used 17765K [0x000000076af80000, 0x000000076cd80000, 0x00000007c0000000)
  eden space 14336K, 77% used [0x000000076af80000,0x000000076ba61598,0x000000076bd80000)
  from space 6656K, 99% used [0x000000076c180000,0x000000076c7f8000,0x000000076c800000)
  to   space 5632K, 0% used [0x000000076c800000,0x000000076c800000,0x000000076cd80000)
 ParOldGen       total 260608K, used 15478K [0x00000006c0e00000, 0x00000006d0c80000, 0x000000076af80000)
  object space 260608K, 5% used [0x00000006c0e00000,0x00000006c1d1d9c0,0x00000006d0c80000)
 Metaspace       used 10798K, capacity 10975K, committed 11264K, reserved 1058816K
  class space    used 955K, capacity 998K, committed 1024K, reserved 1048576K
GC Heap History (10 events):
Event: 5.022 GC heap before
{Heap before GC invocations=13 (full 0):
 PSYoungGen      total 12288K, used 9824K [0x000000076af80000, 0x000000076c080000, 0x00000007c0000000)
  eden space 9728K, 100% used [0x000000076af80000,0x000000076b900000,0x000000076b900000)
  from space 2560K, 3% used [0x000000076bb80000,0x000000076bb98000,0x000000076be00000)
  to   space 2560K, 0% used [0x000000076b900000,0x000000076b900000,0x000000076bb80000)
 ParOldGen       total 260608K, used 3774K [0x00000006c0e00000, 0x00000006d0c80000, 0x000000076af80000)
  object space 260608K, 1% used [0x00000006c0e00000,0x00000006c11af9b0,0x00000006d0c80000)
 Metaspace       used 10497K, capacity 10687K, committed 11008K, reserved 1058816K
  class space    used 920K, capacity 966K, committed 1024K, reserved 1048576K
Event: 5.023 GC heap after
Heap after GC invocations=13 (full 0):
 PSYoungGen      total 12288K, used 128K [0x000000076af80000, 0x000000076c400000, 0x00000007c0000000)
  eden space 9728K, 0% used [0x000000076af80000,0x000000076af80000,0x000000076b900000)
  from space 2560K, 5% used [0x000000076b900000,0x000000076b920000,0x000000076bb80000)
  to   space 2560K, 0% used [0x000000076c180000,0x000000076c180000,0x000000076c400000)
 ParOldGen       total 260608K, used 3822K [0x00000006c0e00000, 0x00000006d0c80000, 0x000000076af80000)
  object space 260608K, 1% used [0x00000006c0e00000,0x00000006c11bb9b0,0x00000006d0c80000)
 Metaspace       used 10497K, capacity 10687K, committed 11008K, reserved 1058816K
  class space    used 920K, capacity 966K, committed 1024K, reserved 1048576K
}
Event: 5.363 GC heap before
{Heap before GC invocations=14 (full 0):
 PSYoungGen      total 12288K, used 9147K [0x000000076af80000, 0x000000076c400000, 0x00000007c0000000)
  eden space 9728K, 92% used [0x000000076af80000,0x000000076b84ee50,0x000000076b900000)
  from space 2560K, 5% used [0x000000076b900000,0x000000076b920000,0x000000076bb80000)
  to   space 2560K, 0% used [0x000000076c180000,0x000000076c180000,0x000000076c400000)
 ParOldGen       total 260608K, used 3822K [0x00000006c0e00000, 0x00000006d0c80000, 0x000000076af80000)
  object space 260608K, 1% used [0x00000006c0e00000,0x00000006c11bb9b0,0x00000006d0c80000)
 Metaspace       used 10676K, capacity 10911K, committed 11008K, reserved 1058816K
  class space    used 946K, capacity 998K, committed 1024K, reserved 1048576K
Event: 5.364 GC heap after
Heap after GC invocations=14 (full 0):
 PSYoungGen      total 17920K, used 2208K [0x000000076af80000, 0x000000076c500000, 0x00000007c0000000)
  eden space 15360K, 0% used [0x000000076af80000,0x000000076af80000,0x000000076be80000)
  from space 2560K, 86% used [0x000000076c180000,0x000000076c3a8020,0x000000076c400000)
  to   space 3072K, 0% used [0x000000076be80000,0x000000076be80000,0x000000076c180000)
 ParOldGen       total 260608K, used 4902K [0x00000006c0e00000, 0x00000006d0c80000, 0x000000076af80000)
  object space 260608K, 1% used [0x00000006c0e00000,0x00000006c12c99c0,0x00000006d0c80000)
 Metaspace       used 10676K, capacity 10911K, committed 11008K, reserved 1058816K
  class space    used 946K, capacity 998K, committed 1024K, reserved 1048576K
}
Event: 8.719 GC heap before
{Heap before GC invocations=15 (full 0):
 PSYoungGen      total 17920K, used 17568K [0x000000076af80000, 0x000000076c500000, 0x00000007c0000000)
  eden space 15360K, 100% used [0x000000076af80000,0x000000076be80000,0x000000076be80000)
  from space 2560K, 86% used [0x000000076c180000,0x000000076c3a8020,0x000000076c400000)
  to   space 3072K, 0% used [0x000000076be80000,0x000000076be80000,0x000000076c180000)
 ParOldGen       total 260608K, used 4902K [0x00000006c0e00000, 0x00000006d0c80000, 0x000000076af80000)
  object space 260608K, 1% used [0x00000006c0e00000,0x00000006c12c99c0,0x00000006d0c80000)
 Metaspace       used 10771K, capacity 10975K, committed 11264K, reserved 1058816K
  class space    used 955K, capacity 998K, committed 1024K, reserved 1048576K
Event: 8.727 GC heap after
Heap after GC invocations=15 (full 0):
 PSYoungGen      total 18432K, used 3072K [0x000000076af80000, 0x000000076cf80000, 0x00000007c0000000)
  eden space 15360K, 0% used [0x000000076af80000,0x000000076af80000,0x000000076be80000)
  from space 3072K, 100% used [0x000000076be80000,0x000000076c180000,0x000000076c180000)
  to   space 4096K, 0% used [0x000000076cb80000,0x000000076cb80000,0x000000076cf80000)
 ParOldGen       total 260608K, used 7046K [0x00000006c0e00000, 0x00000006d0c80000, 0x000000076af80000)
  object space 260608K, 2% used [0x00000006c0e00000,0x00000006c14e19c0,0x00000006d0c80000)
 Metaspace       used 10771K, capacity 10975K, committed 11264K, reserved 1058816K
  class space    used 955K, capacity 998K, committed 1024K, reserved 1048576K
}
Event: 14.619 GC heap before
{Heap before GC invocations=16 (full 0):
 PSYoungGen      total 18432K, used 18432K [0x000000076af80000, 0x000000076cf80000, 0x00000007c0000000)
  eden space 15360K, 100% used [0x000000076af80000,0x000000076be80000,0x000000076be80000)
  from space 3072K, 100% used [0x000000076be80000,0x000000076c180000,0x000000076c180000)
  to   space 4096K, 0% used [0x000000076cb80000,0x000000076cb80000,0x000000076cf80000)
 ParOldGen       total 260608K, used 7046K [0x00000006c0e00000, 0x00000006d0c80000, 0x000000076af80000)
  object space 260608K, 2% used [0x00000006c0e00000,0x00000006c14e19c0,0x00000006d0c80000)
 Metaspace       used 10793K, capacity 10975K, committed 11264K, reserved 1058816K
  class space    used 955K, capacity 998K, committed 1024K, reserved 1048576K
Event: 14.631 GC heap after
Heap after GC invocations=16 (full 0):
 PSYoungGen      total 18944K, used 4096K [0x000000076af80000, 0x000000076cf80000, 0x00000007c0000000)
  eden space 14848K, 0% used [0x000000076af80000,0x000000076af80000,0x000000076be00000)
  from space 4096K, 100% used [0x000000076cb80000,0x000000076cf80000,0x000000076cf80000)
  to   space 7168K, 0% used [0x000000076c180000,0x000000076c180000,0x000000076c880000)
 ParOldGen       total 260608K, used 12398K [0x00000006c0e00000, 0x00000006d0c80000, 0x000000076af80000)
  object space 260608K, 4% used [0x00000006c0e00000,0x00000006c1a1b9c0,0x00000006d0c80000)
 Metaspace       used 10793K, capacity 10975K, committed 11264K, reserved 1058816K
  class space    used 955K, capacity 998K, committed 1024K, reserved 1048576K
}
Event: 18.702 GC heap before
{Heap before GC invocations=17 (full 0):
 PSYoungGen      total 18944K, used 18944K [0x000000076af80000, 0x000000076cf80000, 0x00000007c0000000)
  eden space 14848K, 100% used [0x000000076af80000,0x000000076be00000,0x000000076be00000)
  from space 4096K, 100% used [0x000000076cb80000,0x000000076cf80000,0x000000076cf80000)
  to   space 7168K, 0% used [0x000000076c180000,0x000000076c180000,0x000000076c880000)
 ParOldGen       total 260608K, used 12398K [0x00000006c0e00000, 0x00000006d0c80000, 0x000000076af80000)
  object space 260608K, 4% used [0x00000006c0e00000,0x00000006c1a1b9c0,0x00000006d0c80000)
 Metaspace       used 10797K, capacity 10975K, committed 11264K, reserved 1058816K
  class space    used 955K, capacity 998K, committed 1024K, reserved 1048576K
Event: 18.715 GC heap after
Heap after GC invocations=17 (full 0):
 PSYoungGen      total 20992K, used 6624K [0x000000076af80000, 0x000000076cd80000, 0x00000007c0000000)
  eden space 14336K, 0% used [0x000000076af80000,0x000000076af80000,0x000000076bd80000)
  from space 6656K, 99% used [0x000000076c180000,0x000000076c7f8000,0x000000076c800000)
  to   space 5632K, 0% used [0x000000076c800000,0x000000076c800000,0x000000076cd80000)
 ParOldGen       total 260608K, used 15478K [0x00000006c0e00000, 0x00000006d0c80000, 0x000000076af80000)
  object space 260608K, 5% used [0x00000006c0e00000,0x00000006c1d1d9c0,0x00000006d0c80000)
 Metaspace       used 10797K, capacity 10975K, committed 11264K, reserved 1058816K
  class space    used 955K, capacity 998K, committed 1024K, reserved 1048576K
}

