# JRE version: Java(TM) SE Runtime Environment (8.0_05-b13) (build 1.8.0_05-b13)
# Java VM: Java HotSpot(TM) 64-Bit Server VM (25.5-b02 mixed mode windows-amd64 compressed oops)
Heap:
 PSYoungGen      total 29696K, used 10534K [0x000000076af80000, 0x000000076d000000, 0x00000007c0000000)
  eden space 27648K, 30% used [0x000000076af80000,0x000000076b7c9a60,0x000000076ca80000)
  from space 2048K, 100% used [0x000000076cd00000,0x000000076cf00000,0x000000076cf00000)
  to   space 2560K, 0% used [0x000000076ca80000,0x000000076ca80000,0x000000076cd00000)
 ParOldGen       total 260608K, used 3878K [0x00000006c0e00000, 0x00000006d0c80000, 0x000000076af80000)
  object space 260608K, 1% used [0x00000006c0e00000,0x00000006c11c9910,0x00000006d0c80000)
 Metaspace       used 10773K, capacity 10975K, committed 11264K, reserved 1058816K
  class space    used 953K, capacity 998K, committed 1024K, reserved 1048576K
GC Heap History (10 events):
Event: 1.511 GC heap before
{Heap before GC invocations=12 (full 0):
 PSYoungGen      total 8192K, used 8047K [0x000000076af80000, 0x000000076bd00000, 0x00000007c0000000)
  eden space 6656K, 100% used [0x000000076af80000,0x000000076b600000,0x000000076b600000)
  from space 1536K, 90% used [0x000000076b600000,0x000000076b75be70,0x000000076b780000)
  to   space 1536K, 0% used [0x000000076bb80000,0x000000076bb80000,0x000000076bd00000)
 ParOldGen       total 260608K, used 1973K [0x00000006c0e00000, 0x00000006d0c80000, 0x000000076af80000)
  object space 260608K, 0% used [0x00000006c0e00000,0x00000006c0fed618,0x00000006d0c80000)
 Metaspace       used 10383K, capacity 10559K, committed 10752K, reserved 1058816K
  class space    used 915K, capacity 966K, committed 1024K, reserved 1048576K
Event: 1.513 GC heap after
Heap after GC invocations=12 (full 0):
 PSYoungGen      total 12288K, used 1152K [0x000000076af80000, 0x000000076bd00000, 0x00000007c0000000)
  eden space 10752K, 0% used [0x000000076af80000,0x000000076af80000,0x000000076ba00000)
  from space 1536K, 75% used [0x000000076bb80000,0x000000076bca0010,0x000000076bd00000)
  to   space 1536K, 0% used [0x000000076ba00000,0x000000076ba00000,0x000000076bb80000)
 ParOldGen       total 260608K, used 3598K [0x00000006c0e00000, 0x00000006d0c80000, 0x000000076af80000)
  object space 260608K, 1% used [0x00000006c0e00000,0x00000006c1183910,0x00000006d0c80000)
 Metaspace       used 10383K, capacity 10559K, committed 10752K, reserved 1058816K
  class space    used 915K, capacity 966K, committed 1024K, reserved 1048576K
}
Event: 1.590 GC heap before
{Heap before GC invocations=13 (full 0):
 PSYoungGen      total 12288K, used 11904K [0x000000076af80000, 0x000000076bd00000, 0x00000007c0000000)
  eden space 10752K, 100% used [0x000000076af80000,0x000000076ba00000,0x000000076ba00000)
  from space 1536K, 75% used [0x000000076bb80000,0x000000076bca0010,0x000000076bd00000)
  to   space 1536K, 0% used [0x000000076ba00000,0x000000076ba00000,0x000000076bb80000)
 ParOldGen       total 260608K, used 3598K [0x00000006c0e00000, 0x00000006d0c80000, 0x000000076af80000)
  object space 260608K, 1% used [0x00000006c0e00000,0x00000006c1183910,0x00000006d0c80000)
 Metaspace       used 10423K, capacity 10623K, committed 10752K, reserved 1058816K
  class space    used 917K, capacity 966K, committed 1024K, reserved 1048576K
Event: 1.591 GC heap after
Heap after GC invocations=13 (full 0):
 PSYoungGen      total 12288K, used 1246K [0x000000076af80000, 0x000000076c480000, 0x00000007c0000000)
  eden space 10752K, 0% used [0x000000076af80000,0x000000076af80000,0x000000076ba00000)
  from space 1536K, 81% used [0x000000076ba00000,0x000000076bb37af0,0x000000076bb80000)
  to   space 2048K, 0% used [0x000000076c280000,0x000000076c280000,0x000000076c480000)
 ParOldGen       total 260608K, used 3614K [0x00000006c0e00000, 0x00000006d0c80000, 0x000000076af80000)
  object space 260608K, 1% used [0x00000006c0e00000,0x00000006c1187910,0x00000006d0c80000)
 Metaspace       used 10423K, capacity 10623K, committed 10752K, reserved 1058816K
  class space    used 917K, capacity 966K, committed 1024K, reserved 1048576K
}
Event: 1.657 GC heap before
{Heap before GC invocations=14 (full 0):
 PSYoungGen      total 12288K, used 11998K [0x000000076af80000, 0x000000076c480000, 0x00000007c0000000)
  eden space 10752K, 100% used [0x000000076af80000,0x000000076ba00000,0x000000076ba00000)
  from space 1536K, 81% used [0x000000076ba00000,0x000000076bb37af0,0x000000076bb80000)
  to   space 2048K, 0% used [0x000000076c280000,0x000000076c280000,0x000000076c480000)
 ParOldGen       total 260608K, used 3614K [0x00000006c0e00000, 0x00000006d0c80000, 0x000000076af80000)
  object space 260608K, 1% used [0x00000006c0e00000,0x00000006c1187910,0x00000006d0c80000)
 Metaspace       used 10470K, capacity 10687K, committed 11008K, reserved 1058816K
  class space    used 919K, capacity 966K, committed 1024K, reserved 1048576K
Event: 1.658 GC heap after
Heap after GC invocations=14 (full 0):
 PSYoungGen      total 19456K, used 160K [0x000000076af80000, 0x000000076c480000, 0x00000007c0000000)
  eden space 17408K, 0% used [0x000000076af80000,0x000000076af80000,0x000000076c080000)
  from space 2048K, 7% used [0x000000076c280000,0x000000076c2a8000,0x000000076c480000)
  to   space 2048K, 0% used [0x000000076c080000,0x000000076c080000,0x000000076c280000)
 ParOldGen       total 260608K, used 3638K [0x00000006c0e00000, 0x00000006d0c80000, 0x000000076af80000)
  object space 260608K, 1% used [0x00000006c0e00000,0x00000006c118d910,0x00000006d0c80000)
 Metaspace       used 10470K, capacity 10687K, committed 11008K, reserved 1058816K
  class space    used 919K, capacity 966K, committed 1024K, reserved 1048576K
}
Event: 1.676 GC heap before
{Heap before GC invocations=15 (full 0):
 PSYoungGen      total 19456K, used 17568K [0x000000076af80000, 0x000000076c480000, 0x00000007c0000000)
  eden space 17408K, 100% used [0x000000076af80000,0x000000076c080000,0x000000076c080000)
  from space 2048K, 7% used [0x000000076c280000,0x000000076c2a8000,0x000000076c480000)
  to   space 2048K, 0% used [0x000000076c080000,0x000000076c080000,0x000000076c280000)
 ParOldGen       total 260608K, used 3638K [0x00000006c0e00000, 0x00000006d0c80000, 0x000000076af80000)
  object space 260608K, 1% used [0x00000006c0e00000,0x00000006c118d910,0x00000006d0c80000)
 Metaspace       used 10494K, capacity 10687K, committed 11008K, reserved 1058816K
  class space    used 920K, capacity 966K, committed 1024K, reserved 1048576K
Event: 1.676 GC heap after
Heap after GC invocations=15 (full 0):
 PSYoungGen      total 19456K, used 192K [0x000000076af80000, 0x000000076cf00000, 0x00000007c0000000)
  eden space 17408K, 0% used [0x000000076af80000,0x000000076af80000,0x000000076c080000)
  from space 2048K, 9% used [0x000000076c080000,0x000000076c0b0000,0x000000076c280000)
  to   space 2048K, 0% used [0x000000076cd00000,0x000000076cd00000,0x000000076cf00000)
 ParOldGen       total 260608K, used 3670K [0x00000006c0e00000, 0x00000006d0c80000, 0x000000076af80000)
  object space 260608K, 1% used [0x00000006c0e00000,0x00000006c1195910,0x00000006d0c80000)
 Metaspace       used 10494K, capacity 10687K, committed 11008K, reserved 1058816K
  class space    used 920K, capacity 966K, committed 1024K, reserved 1048576K
}
Event: 2.875 GC heap before
{Heap before GC invocations=16 (full 0):
 PSYoungGen      total 19456K, used 17600K [0x000000076af80000, 0x000000076cf00000, 0x00000007c0000000)
  eden space 17408K, 100% used [0x000000076af80000,0x000000076c080000,0x000000076c080000)
  from space 2048K, 9% used [0x000000076c080000,0x000000076c0b0000,0x000000076c280000)
  to   space 2048K, 0% used [0x000000076cd00000,0x000000076cd00000,0x000000076cf00000)
 ParOldGen       total 260608K, used 3670K [0x00000006c0e00000, 0x00000006d0c80000, 0x000000076af80000)
  object space 260608K, 1% used [0x00000006c0e00000,0x00000006c1195910,0x00000006d0c80000)
 Metaspace       used 10749K, capacity 10975K, committed 11264K, reserved 1058816K
  class space    used 953K, capacity 998K, committed 1024K, reserved 1048576K
Event: 2.878 GC heap after
Heap after GC invocations=16 (full 0):
 PSYoungGen      total 29696K, used 2048K [0x000000076af80000, 0x000000076d000000, 0x00000007c0000000)
  eden space 27648K, 0% used [0x000000076af80000,0x000000076af80000,0x000000076ca80000)
  from space 2048K, 100% used [0x000000076cd00000,0x000000076cf00000,0x000000076cf00000)
  to   space 2560K, 0% used [0x000000076ca80000,0x000000076ca80000,0x000000076cd00000)
 ParOldGen       total 260608K, used 3878K [0x00000006c0e00000, 0x00000006d0c80000, 0x000000076af80000)
  object space 260608K, 1% used [0x00000006c0e00000,0x00000006c11c9910,0x00000006d0c80000)
 Metaspace       used 10749K, capacity 10975K, committed 11264K, reserved 1058816K
  class space    used 953K, capacity 998K, committed 1024K, reserved 1048576K
}

