# JRE version: Java(TM) SE Runtime Environment (8.0_05-b13) (build 1.8.0_05-b13)
# Java VM: Java HotSpot(TM) 64-Bit Server VM (25.5-b02 mixed mode windows-amd64 compressed oops)
Heap:
 PSYoungGen      total 40960K, used 39820K [0x000000076af80000, 0x000000076eb80000, 0x00000007c0000000)
  eden space 34304K, 96% used [0x000000076af80000,0x000000076cfe3108,0x000000076d100000)
  from space 6656K, 100% used [0x000000076dc00000,0x000000076e280000,0x000000076e280000)
  to   space 11264K, 0% used [0x000000076d100000,0x000000076d100000,0x000000076dc00000)
 ParOldGen       total 260608K, used 24114K [0x00000006c0e00000, 0x00000006d0c80000, 0x000000076af80000)
  object space 260608K, 9% used [0x00000006c0e00000,0x00000006c258c898,0x00000006d0c80000)
 Metaspace       used 10780K, capacity 10975K, committed 11264K, reserved 1058816K
  class space    used 953K, capacity 998K, committed 1024K, reserved 1048576K
GC Heap History (10 events):
Event: 1.640 GC heap before
{Heap before GC invocations=14 (full 0):
 PSYoungGen      total 12288K, used 11998K [0x000000076af80000, 0x000000076c480000, 0x00000007c0000000)
  eden space 10752K, 100% used [0x000000076af80000,0x000000076ba00000,0x000000076ba00000)
  from space 1536K, 81% used [0x000000076ba00000,0x000000076bb37af0,0x000000076bb80000)
  to   space 2048K, 0% used [0x000000076c280000,0x000000076c280000,0x000000076c480000)
 ParOldGen       total 260608K, used 4598K [0x00000006c0e00000, 0x00000006d0c80000, 0x000000076af80000)
  object space 260608K, 1% used [0x00000006c0e00000,0x00000006c127d888,0x00000006d0c80000)
 Metaspace       used 10477K, capacity 10687K, committed 11008K, reserved 1058816K
  class space    used 919K, capacity 966K, committed 1024K, reserved 1048576K
Event: 1.640 GC heap after
Heap after GC invocations=14 (full 0):
 PSYoungGen      total 19456K, used 160K [0x000000076af80000, 0x000000076c480000, 0x00000007c0000000)
  eden space 17408K, 0% used [0x000000076af80000,0x000000076af80000,0x000000076c080000)
  from space 2048K, 7% used [0x000000076c280000,0x000000076c2a8000,0x000000076c480000)
  to   space 2048K, 0% used [0x000000076c080000,0x000000076c080000,0x000000076c280000)
 ParOldGen       total 260608K, used 4630K [0x00000006c0e00000, 0x00000006d0c80000, 0x000000076af80000)
  object space 260608K, 1% used [0x00000006c0e00000,0x00000006c1285888,0x00000006d0c80000)
 Metaspace       used 10477K, capacity 10687K, committed 11008K, reserved 1058816K
  class space    used 919K, capacity 966K, committed 1024K, reserved 1048576K
}
Event: 1.658 GC heap before
{Heap before GC invocations=15 (full 0):
 PSYoungGen      total 19456K, used 17568K [0x000000076af80000, 0x000000076c480000, 0x00000007c0000000)
  eden space 17408K, 100% used [0x000000076af80000,0x000000076c080000,0x000000076c080000)
  from space 2048K, 7% used [0x000000076c280000,0x000000076c2a8000,0x000000076c480000)
  to   space 2048K, 0% used [0x000000076c080000,0x000000076c080000,0x000000076c280000)
 ParOldGen       total 260608K, used 4630K [0x00000006c0e00000, 0x00000006d0c80000, 0x000000076af80000)
  object space 260608K, 1% used [0x00000006c0e00000,0x00000006c1285888,0x00000006d0c80000)
 Metaspace       used 10500K, capacity 10687K, committed 11008K, reserved 1058816K
  class space    used 920K, capacity 966K, committed 1024K, reserved 1048576K
Event: 1.659 GC heap after
Heap after GC invocations=15 (full 0):
 PSYoungGen      total 19456K, used 224K [0x000000076af80000, 0x000000076cf00000, 0x00000007c0000000)
  eden space 17408K, 0% used [0x000000076af80000,0x000000076af80000,0x000000076c080000)
  from space 2048K, 10% used [0x000000076c080000,0x000000076c0b8000,0x000000076c280000)
  to   space 2048K, 0% used [0x000000076cd00000,0x000000076cd00000,0x000000076cf00000)
 ParOldGen       total 260608K, used 4662K [0x00000006c0e00000, 0x00000006d0c80000, 0x000000076af80000)
  object space 260608K, 1% used [0x00000006c0e00000,0x00000006c128d888,0x00000006d0c80000)
 Metaspace       used 10500K, capacity 10687K, committed 11008K, reserved 1058816K
  class space    used 920K, capacity 966K, committed 1024K, reserved 1048576K
}
Event: 2.997 GC heap before
{Heap before GC invocations=16 (full 0):
 PSYoungGen      total 19456K, used 17632K [0x000000076af80000, 0x000000076cf00000, 0x00000007c0000000)
  eden space 17408K, 100% used [0x000000076af80000,0x000000076c080000,0x000000076c080000)
  from space 2048K, 10% used [0x000000076c080000,0x000000076c0b8000,0x000000076c280000)
  to   space 2048K, 0% used [0x000000076cd00000,0x000000076cd00000,0x000000076cf00000)
 ParOldGen       total 260608K, used 4662K [0x00000006c0e00000, 0x00000006d0c80000, 0x000000076af80000)
  object space 260608K, 1% used [0x00000006c0e00000,0x00000006c128d888,0x00000006d0c80000)
 Metaspace       used 10747K, capacity 10911K, committed 11008K, reserved 1058816K
  class space    used 953K, capacity 998K, committed 1024K, reserved 1048576K
Event: 3.000 GC heap after
Heap after GC invocations=16 (full 0):
 PSYoungGen      total 29696K, used 2048K [0x000000076af80000, 0x000000076d000000, 0x00000007c0000000)
  eden space 27648K, 0% used [0x000000076af80000,0x000000076af80000,0x000000076ca80000)
  from space 2048K, 100% used [0x000000076cd00000,0x000000076cf00000,0x000000076cf00000)
  to   space 2560K, 0% used [0x000000076ca80000,0x000000076ca80000,0x000000076cd00000)
 ParOldGen       total 260608K, used 5062K [0x00000006c0e00000, 0x00000006d0c80000, 0x000000076af80000)
  object space 260608K, 1% used [0x00000006c0e00000,0x00000006c12f1888,0x00000006d0c80000)
 Metaspace       used 10747K, capacity 10911K, committed 11008K, reserved 1058816K
  class space    used 953K, capacity 998K, committed 1024K, reserved 1048576K
}
Event: 6.279 GC heap before
{Heap before GC invocations=17 (full 0):
 PSYoungGen      total 29696K, used 29696K [0x000000076af80000, 0x000000076d000000, 0x00000007c0000000)
  eden space 27648K, 100% used [0x000000076af80000,0x000000076ca80000,0x000000076ca80000)
  from space 2048K, 100% used [0x000000076cd00000,0x000000076cf00000,0x000000076cf00000)
  to   space 2560K, 0% used [0x000000076ca80000,0x000000076ca80000,0x000000076cd00000)
 ParOldGen       total 260608K, used 5062K [0x00000006c0e00000, 0x00000006d0c80000, 0x000000076af80000)
  object space 260608K, 1% used [0x00000006c0e00000,0x00000006c12f1888,0x00000006d0c80000)
 Metaspace       used 10775K, capacity 10975K, committed 11264K, reserved 1058816K
  class space    used 953K, capacity 998K, committed 1024K, reserved 1048576K
Event: 6.296 GC heap after
Heap after GC invocations=17 (full 0):
 PSYoungGen      total 30208K, used 2560K [0x000000076af80000, 0x000000076e280000, 0x00000007c0000000)
  eden space 27648K, 0% used [0x000000076af80000,0x000000076af80000,0x000000076ca80000)
  from space 2560K, 100% used [0x000000076ca80000,0x000000076cd00000,0x000000076cd00000)
  to   space 6656K, 0% used [0x000000076dc00000,0x000000076dc00000,0x000000076e280000)
 ParOldGen       total 260608K, used 15098K [0x00000006c0e00000, 0x00000006d0c80000, 0x000000076af80000)
  object space 260608K, 5% used [0x00000006c0e00000,0x00000006c1cbe898,0x00000006d0c80000)
 Metaspace       used 10775K, capacity 10975K, committed 11264K, reserved 1058816K
  class space    used 953K, capacity 998K, committed 1024K, reserved 1048576K
}
Event: 9.830 GC heap before
{Heap before GC invocations=18 (full 0):
 PSYoungGen      total 30208K, used 30208K [0x000000076af80000, 0x000000076e280000, 0x00000007c0000000)
  eden space 27648K, 100% used [0x000000076af80000,0x000000076ca80000,0x000000076ca80000)
  from space 2560K, 100% used [0x000000076ca80000,0x000000076cd00000,0x000000076cd00000)
  to   space 6656K, 0% used [0x000000076dc00000,0x000000076dc00000,0x000000076e280000)
 ParOldGen       total 260608K, used 15098K [0x00000006c0e00000, 0x00000006d0c80000, 0x000000076af80000)
  object space 260608K, 5% used [0x00000006c0e00000,0x00000006c1cbe898,0x00000006d0c80000)
 Metaspace       used 10778K, capacity 10975K, committed 11264K, reserved 1058816K
  class space    used 953K, capacity 998K, committed 1024K, reserved 1048576K
Event: 9.853 GC heap after
Heap after GC invocations=18 (full 0):
 PSYoungGen      total 40960K, used 6656K [0x000000076af80000, 0x000000076eb80000, 0x00000007c0000000)
  eden space 34304K, 0% used [0x000000076af80000,0x000000076af80000,0x000000076d100000)
  from space 6656K, 100% used [0x000000076dc00000,0x000000076e280000,0x000000076e280000)
  to   space 11264K, 0% used [0x000000076d100000,0x000000076d100000,0x000000076dc00000)
 ParOldGen       total 260608K, used 24114K [0x00000006c0e00000, 0x00000006d0c80000, 0x000000076af80000)
  object space 260608K, 9% used [0x00000006c0e00000,0x00000006c258c898,0x00000006d0c80000)
 Metaspace       used 10778K, capacity 10975K, committed 11264K, reserved 1058816K
  class space    used 953K, capacity 998K, committed 1024K, reserved 1048576K
}

