# JRE version: Java(TM) SE Runtime Environment (8.0_05-b13) (build 1.8.0_05-b13)
# Java VM: Java HotSpot(TM) 64-Bit Server VM (25.5-b02 mixed mode windows-amd64 compressed oops)
Heap:
 PSYoungGen      total 33280K, used 24742K [0x000000076af80000, 0x000000076ee80000, 0x00000007c0000000)
  eden space 29184K, 70% used [0x000000076af80000,0x000000076c3a9a68,0x000000076cc00000)
  from space 4096K, 100% used [0x000000076cc00000,0x000000076d000000,0x000000076d000000)
  to   space 8704K, 0% used [0x000000076e600000,0x000000076e600000,0x000000076ee80000)
 ParOldGen       total 260608K, used 18320K [0x00000006c0e00000, 0x00000006d0c80000, 0x000000076af80000)
  object space 260608K, 7% used [0x00000006c0e00000,0x00000006c1fe4180,0x00000006d0c80000)
 Metaspace       used 10786K, capacity 10975K, committed 11264K, reserved 1058816K
  class space    used 953K, capacity 998K, committed 1024K, reserved 1048576K
GC Heap History (10 events):
Event: 1.580 GC heap before
{Heap before GC invocations=11 (full 0):
 PSYoungGen      total 13824K, used 13504K [0x000000076af80000, 0x000000076c080000, 0x00000007c0000000)
  eden space 11776K, 100% used [0x000000076af80000,0x000000076bb00000,0x000000076bb00000)
  from space 2048K, 84% used [0x000000076bd80000,0x000000076bf30010,0x000000076bf80000)
  to   space 2560K, 0% used [0x000000076bb00000,0x000000076bb00000,0x000000076bd80000)
 ParOldGen       total 260608K, used 3164K [0x00000006c0e00000, 0x00000006d0c80000, 0x000000076af80000)
  object space 260608K, 1% used [0x00000006c0e00000,0x00000006c1117310,0x00000006d0c80000)
 Metaspace       used 10434K, capacity 10687K, committed 11008K, reserved 1058816K
  class space    used 917K, capacity 966K, committed 1024K, reserved 1048576K
Event: 1.581 GC heap after
Heap after GC invocations=11 (full 0):
 PSYoungGen      total 14336K, used 2240K [0x000000076af80000, 0x000000076c700000, 0x00000007c0000000)
  eden space 11776K, 0% used [0x000000076af80000,0x000000076af80000,0x000000076bb00000)
  from space 2560K, 87% used [0x000000076bb00000,0x000000076bd30020,0x000000076bd80000)
  to   space 2560K, 0% used [0x000000076c480000,0x000000076c480000,0x000000076c700000)
 ParOldGen       total 260608K, used 4808K [0x00000006c0e00000, 0x00000006d0c80000, 0x000000076af80000)
  object space 260608K, 1% used [0x00000006c0e00000,0x00000006c12b23c0,0x00000006d0c80000)
 Metaspace       used 10434K, capacity 10687K, committed 11008K, reserved 1058816K
  class space    used 917K, capacity 966K, committed 1024K, reserved 1048576K
}
Event: 1.641 GC heap before
{Heap before GC invocations=12 (full 0):
 PSYoungGen      total 14336K, used 14016K [0x000000076af80000, 0x000000076c700000, 0x00000007c0000000)
  eden space 11776K, 100% used [0x000000076af80000,0x000000076bb00000,0x000000076bb00000)
  from space 2560K, 87% used [0x000000076bb00000,0x000000076bd30020,0x000000076bd80000)
  to   space 2560K, 0% used [0x000000076c480000,0x000000076c480000,0x000000076c700000)
 ParOldGen       total 260608K, used 4808K [0x00000006c0e00000, 0x00000006d0c80000, 0x000000076af80000)
  object space 260608K, 1% used [0x00000006c0e00000,0x00000006c12b23c0,0x00000006d0c80000)
 Metaspace       used 10483K, capacity 10687K, committed 11008K, reserved 1058816K
  class space    used 919K, capacity 966K, committed 1024K, reserved 1048576K
Event: 1.641 GC heap after
Heap after GC invocations=12 (full 0):
 PSYoungGen      total 21504K, used 128K [0x000000076af80000, 0x000000076c700000, 0x00000007c0000000)
  eden space 18944K, 0% used [0x000000076af80000,0x000000076af80000,0x000000076c200000)
  from space 2560K, 5% used [0x000000076c480000,0x000000076c4a0000,0x000000076c700000)
  to   space 2560K, 0% used [0x000000076c200000,0x000000076c200000,0x000000076c480000)
 ParOldGen       total 260608K, used 4824K [0x00000006c0e00000, 0x00000006d0c80000, 0x000000076af80000)
  object space 260608K, 1% used [0x00000006c0e00000,0x00000006c12b63c0,0x00000006d0c80000)
 Metaspace       used 10483K, capacity 10687K, committed 11008K, reserved 1058816K
  class space    used 919K, capacity 966K, committed 1024K, reserved 1048576K
}
Event: 1.658 GC heap before
{Heap before GC invocations=13 (full 0):
 PSYoungGen      total 21504K, used 19072K [0x000000076af80000, 0x000000076c700000, 0x00000007c0000000)
  eden space 18944K, 100% used [0x000000076af80000,0x000000076c200000,0x000000076c200000)
  from space 2560K, 5% used [0x000000076c480000,0x000000076c4a0000,0x000000076c700000)
  to   space 2560K, 0% used [0x000000076c200000,0x000000076c200000,0x000000076c480000)
 ParOldGen       total 260608K, used 4824K [0x00000006c0e00000, 0x00000006d0c80000, 0x000000076af80000)
  object space 260608K, 1% used [0x00000006c0e00000,0x00000006c12b63c0,0x00000006d0c80000)
 Metaspace       used 10503K, capacity 10687K, committed 11008K, reserved 1058816K
  class space    used 920K, capacity 966K, committed 1024K, reserved 1048576K
Event: 1.659 GC heap after
Heap after GC invocations=13 (full 0):
 PSYoungGen      total 21504K, used 192K [0x000000076af80000, 0x000000076d280000, 0x00000007c0000000)
  eden space 18944K, 0% used [0x000000076af80000,0x000000076af80000,0x000000076c200000)
  from space 2560K, 7% used [0x000000076c200000,0x000000076c230000,0x000000076c480000)
  to   space 2560K, 0% used [0x000000076d000000,0x000000076d000000,0x000000076d280000)
 ParOldGen       total 260608K, used 4880K [0x00000006c0e00000, 0x00000006d0c80000, 0x000000076af80000)
  object space 260608K, 1% used [0x00000006c0e00000,0x00000006c12c43c0,0x00000006d0c80000)
 Metaspace       used 10503K, capacity 10687K, committed 11008K, reserved 1058816K
  class space    used 920K, capacity 966K, committed 1024K, reserved 1048576K
}
Event: 5.504 GC heap before
{Heap before GC invocations=14 (full 0):
 PSYoungGen      total 21504K, used 19136K [0x000000076af80000, 0x000000076d280000, 0x00000007c0000000)
  eden space 18944K, 100% used [0x000000076af80000,0x000000076c200000,0x000000076c200000)
  from space 2560K, 7% used [0x000000076c200000,0x000000076c230000,0x000000076c480000)
  to   space 2560K, 0% used [0x000000076d000000,0x000000076d000000,0x000000076d280000)
 ParOldGen       total 260608K, used 4880K [0x00000006c0e00000, 0x00000006d0c80000, 0x000000076af80000)
  object space 260608K, 1% used [0x00000006c0e00000,0x00000006c12c43c0,0x00000006d0c80000)
 Metaspace       used 10755K, capacity 10911K, committed 11008K, reserved 1058816K
  class space    used 953K, capacity 998K, committed 1024K, reserved 1048576K
Event: 5.511 GC heap after
Heap after GC invocations=14 (full 0):
 PSYoungGen      total 31744K, used 2560K [0x000000076af80000, 0x000000076d580000, 0x00000007c0000000)
  eden space 29184K, 0% used [0x000000076af80000,0x000000076af80000,0x000000076cc00000)
  from space 2560K, 100% used [0x000000076d000000,0x000000076d280000,0x000000076d280000)
  to   space 4096K, 0% used [0x000000076cc00000,0x000000076cc00000,0x000000076d000000)
 ParOldGen       total 260608K, used 7336K [0x00000006c0e00000, 0x00000006d0c80000, 0x000000076af80000)
  object space 260608K, 2% used [0x00000006c0e00000,0x00000006c152a180,0x00000006d0c80000)
 Metaspace       used 10755K, capacity 10911K, committed 11008K, reserved 1058816K
  class space    used 953K, capacity 998K, committed 1024K, reserved 1048576K
}
Event: 9.307 GC heap before
{Heap before GC invocations=15 (full 0):
 PSYoungGen      total 31744K, used 31744K [0x000000076af80000, 0x000000076d580000, 0x00000007c0000000)
  eden space 29184K, 100% used [0x000000076af80000,0x000000076cc00000,0x000000076cc00000)
  from space 2560K, 100% used [0x000000076d000000,0x000000076d280000,0x000000076d280000)
  to   space 4096K, 0% used [0x000000076cc00000,0x000000076cc00000,0x000000076d000000)
 ParOldGen       total 260608K, used 7336K [0x00000006c0e00000, 0x00000006d0c80000, 0x000000076af80000)
  object space 260608K, 2% used [0x00000006c0e00000,0x00000006c152a180,0x00000006d0c80000)
 Metaspace       used 10781K, capacity 10975K, committed 11264K, reserved 1058816K
  class space    used 953K, capacity 998K, committed 1024K, reserved 1048576K
Event: 9.326 GC heap after
Heap after GC invocations=15 (full 0):
 PSYoungGen      total 33280K, used 4096K [0x000000076af80000, 0x000000076ee80000, 0x00000007c0000000)
  eden space 29184K, 0% used [0x000000076af80000,0x000000076af80000,0x000000076cc00000)
  from space 4096K, 100% used [0x000000076cc00000,0x000000076d000000,0x000000076d000000)
  to   space 8704K, 0% used [0x000000076e600000,0x000000076e600000,0x000000076ee80000)
 ParOldGen       total 260608K, used 18320K [0x00000006c0e00000, 0x00000006d0c80000, 0x000000076af80000)
  object space 260608K, 7% used [0x00000006c0e00000,0x00000006c1fe4180,0x00000006d0c80000)
 Metaspace       used 10781K, capacity 10975K, committed 11264K, reserved 1058816K
  class space    used 953K, capacity 998K, committed 1024K, reserved 1048576K
}

