# JRE version: Java(TM) SE Runtime Environment (8.0_05-b13) (build 1.8.0_05-b13)
# Java VM: Java HotSpot(TM) 64-Bit Server VM (25.5-b02 mixed mode windows-amd64 compressed oops)
Heap:
 PSYoungGen      total 33280K, used 7052K [0x000000076af80000, 0x000000076ef00000, 0x00000007c0000000)
  eden space 29696K, 11% used [0x000000076af80000,0x000000076b2e3268,0x000000076cc80000)
  from space 3584K, 100% used [0x000000076cc80000,0x000000076d000000,0x000000076d000000)
  to   space 8704K, 0% used [0x000000076e680000,0x000000076e680000,0x000000076ef00000)
 ParOldGen       total 260608K, used 18081K [0x00000006c0e00000, 0x00000006d0c80000, 0x000000076af80000)
  object space 260608K, 6% used [0x00000006c0e00000,0x00000006c1fa8498,0x00000006d0c80000)
 Metaspace       used 10783K, capacity 10975K, committed 11264K, reserved 1058816K
  class space    used 953K, capacity 998K, committed 1024K, reserved 1048576K
GC Heap History (10 events):
Event: 1.654 GC heap before
{Heap before GC invocations=11 (full 0):
 PSYoungGen      total 13824K, used 12701K [0x000000076af80000, 0x000000076c080000, 0x00000007c0000000)
  eden space 11776K, 93% used [0x000000076af80000,0x000000076ba374f8,0x000000076bb00000)
  from space 2048K, 84% used [0x000000076bd80000,0x000000076bf30010,0x000000076bf80000)
  to   space 2560K, 0% used [0x000000076bb00000,0x000000076bb00000,0x000000076bd80000)
 ParOldGen       total 260608K, used 4132K [0x00000006c0e00000, 0x00000006d0c80000, 0x000000076af80000)
  object space 260608K, 1% used [0x00000006c0e00000,0x00000006c12093f8,0x00000006d0c80000)
 Metaspace       used 10424K, capacity 10623K, committed 10752K, reserved 1058816K
  class space    used 916K, capacity 966K, committed 1024K, reserved 1048576K
Event: 1.655 GC heap after
Heap after GC invocations=11 (full 0):
 PSYoungGen      total 14336K, used 160K [0x000000076af80000, 0x000000076c700000, 0x00000007c0000000)
  eden space 11776K, 0% used [0x000000076af80000,0x000000076af80000,0x000000076bb00000)
  from space 2560K, 6% used [0x000000076bb00000,0x000000076bb28000,0x000000076bd80000)
  to   space 2560K, 0% used [0x000000076c480000,0x000000076c480000,0x000000076c700000)
 ParOldGen       total 260608K, used 4745K [0x00000006c0e00000, 0x00000006d0c80000, 0x000000076af80000)
  object space 260608K, 1% used [0x00000006c0e00000,0x00000006c12a2498,0x00000006d0c80000)
 Metaspace       used 10424K, capacity 10623K, committed 10752K, reserved 1058816K
  class space    used 916K, capacity 966K, committed 1024K, reserved 1048576K
}
Event: 1.718 GC heap before
{Heap before GC invocations=12 (full 0):
 PSYoungGen      total 14336K, used 11936K [0x000000076af80000, 0x000000076c700000, 0x00000007c0000000)
  eden space 11776K, 100% used [0x000000076af80000,0x000000076bb00000,0x000000076bb00000)
  from space 2560K, 6% used [0x000000076bb00000,0x000000076bb28000,0x000000076bd80000)
  to   space 2560K, 0% used [0x000000076c480000,0x000000076c480000,0x000000076c700000)
 ParOldGen       total 260608K, used 4745K [0x00000006c0e00000, 0x00000006d0c80000, 0x000000076af80000)
  object space 260608K, 1% used [0x00000006c0e00000,0x00000006c12a2498,0x00000006d0c80000)
 Metaspace       used 10473K, capacity 10687K, committed 11008K, reserved 1058816K
  class space    used 919K, capacity 966K, committed 1024K, reserved 1048576K
Event: 1.718 GC heap after
Heap after GC invocations=12 (full 0):
 PSYoungGen      total 21504K, used 160K [0x000000076af80000, 0x000000076c700000, 0x00000007c0000000)
  eden space 18944K, 0% used [0x000000076af80000,0x000000076af80000,0x000000076c200000)
  from space 2560K, 6% used [0x000000076c480000,0x000000076c4a8000,0x000000076c700000)
  to   space 2560K, 0% used [0x000000076c200000,0x000000076c200000,0x000000076c480000)
 ParOldGen       total 260608K, used 4769K [0x00000006c0e00000, 0x00000006d0c80000, 0x000000076af80000)
  object space 260608K, 1% used [0x00000006c0e00000,0x00000006c12a8498,0x00000006d0c80000)
 Metaspace       used 10473K, capacity 10687K, committed 11008K, reserved 1058816K
  class space    used 919K, capacity 966K, committed 1024K, reserved 1048576K
}
Event: 1.736 GC heap before
{Heap before GC invocations=13 (full 0):
 PSYoungGen      total 21504K, used 19104K [0x000000076af80000, 0x000000076c700000, 0x00000007c0000000)
  eden space 18944K, 100% used [0x000000076af80000,0x000000076c200000,0x000000076c200000)
  from space 2560K, 6% used [0x000000076c480000,0x000000076c4a8000,0x000000076c700000)
  to   space 2560K, 0% used [0x000000076c200000,0x000000076c200000,0x000000076c480000)
 ParOldGen       total 260608K, used 4769K [0x00000006c0e00000, 0x00000006d0c80000, 0x000000076af80000)
  object space 260608K, 1% used [0x00000006c0e00000,0x00000006c12a8498,0x00000006d0c80000)
 Metaspace       used 10495K, capacity 10687K, committed 11008K, reserved 1058816K
  class space    used 919K, capacity 966K, committed 1024K, reserved 1048576K
Event: 1.737 GC heap after
Heap after GC invocations=13 (full 0):
 PSYoungGen      total 21504K, used 192K [0x000000076af80000, 0x000000076d280000, 0x00000007c0000000)
  eden space 18944K, 0% used [0x000000076af80000,0x000000076af80000,0x000000076c200000)
  from space 2560K, 7% used [0x000000076c200000,0x000000076c230000,0x000000076c480000)
  to   space 2560K, 0% used [0x000000076d000000,0x000000076d000000,0x000000076d280000)
 ParOldGen       total 260608K, used 4817K [0x00000006c0e00000, 0x00000006d0c80000, 0x000000076af80000)
  object space 260608K, 1% used [0x00000006c0e00000,0x00000006c12b4498,0x00000006d0c80000)
 Metaspace       used 10495K, capacity 10687K, committed 11008K, reserved 1058816K
  class space    used 919K, capacity 966K, committed 1024K, reserved 1048576K
}
Event: 6.999 GC heap before
{Heap before GC invocations=14 (full 0):
 PSYoungGen      total 21504K, used 19136K [0x000000076af80000, 0x000000076d280000, 0x00000007c0000000)
  eden space 18944K, 100% used [0x000000076af80000,0x000000076c200000,0x000000076c200000)
  from space 2560K, 7% used [0x000000076c200000,0x000000076c230000,0x000000076c480000)
  to   space 2560K, 0% used [0x000000076d000000,0x000000076d000000,0x000000076d280000)
 ParOldGen       total 260608K, used 4817K [0x00000006c0e00000, 0x00000006d0c80000, 0x000000076af80000)
  object space 260608K, 1% used [0x00000006c0e00000,0x00000006c12b4498,0x00000006d0c80000)
 Metaspace       used 10757K, capacity 10975K, committed 11264K, reserved 1058816K
  class space    used 953K, capacity 998K, committed 1024K, reserved 1048576K
Event: 7.005 GC heap after
Heap after GC invocations=14 (full 0):
 PSYoungGen      total 32256K, used 2560K [0x000000076af80000, 0x000000076d480000, 0x00000007c0000000)
  eden space 29696K, 0% used [0x000000076af80000,0x000000076af80000,0x000000076cc80000)
  from space 2560K, 100% used [0x000000076d000000,0x000000076d280000,0x000000076d280000)
  to   space 3584K, 0% used [0x000000076cc80000,0x000000076cc80000,0x000000076d000000)
 ParOldGen       total 260608K, used 6689K [0x00000006c0e00000, 0x00000006d0c80000, 0x000000076af80000)
  object space 260608K, 2% used [0x00000006c0e00000,0x00000006c1488498,0x00000006d0c80000)
 Metaspace       used 10757K, capacity 10975K, committed 11264K, reserved 1058816K
  class space    used 953K, capacity 998K, committed 1024K, reserved 1048576K
}
Event: 10.532 GC heap before
{Heap before GC invocations=15 (full 0):
 PSYoungGen      total 32256K, used 32256K [0x000000076af80000, 0x000000076d480000, 0x00000007c0000000)
  eden space 29696K, 100% used [0x000000076af80000,0x000000076cc80000,0x000000076cc80000)
  from space 2560K, 100% used [0x000000076d000000,0x000000076d280000,0x000000076d280000)
  to   space 3584K, 0% used [0x000000076cc80000,0x000000076cc80000,0x000000076d000000)
 ParOldGen       total 260608K, used 6689K [0x00000006c0e00000, 0x00000006d0c80000, 0x000000076af80000)
  object space 260608K, 2% used [0x00000006c0e00000,0x00000006c1488498,0x00000006d0c80000)
 Metaspace       used 10782K, capacity 10975K, committed 11264K, reserved 1058816K
  class space    used 953K, capacity 998K, committed 1024K, reserved 1048576K
Event: 10.551 GC heap after
Heap after GC invocations=15 (full 0):
 PSYoungGen      total 33280K, used 3584K [0x000000076af80000, 0x000000076ef00000, 0x00000007c0000000)
  eden space 29696K, 0% used [0x000000076af80000,0x000000076af80000,0x000000076cc80000)
  from space 3584K, 100% used [0x000000076cc80000,0x000000076d000000,0x000000076d000000)
  to   space 8704K, 0% used [0x000000076e680000,0x000000076e680000,0x000000076ef00000)
 ParOldGen       total 260608K, used 18081K [0x00000006c0e00000, 0x00000006d0c80000, 0x000000076af80000)
  object space 260608K, 6% used [0x00000006c0e00000,0x00000006c1fa8498,0x00000006d0c80000)
 Metaspace       used 10782K, capacity 10975K, committed 11264K, reserved 1058816K
  class space    used 953K, capacity 998K, committed 1024K, reserved 1048576K
}

